Using pre-set license
Built from '2020.3/staging' branch; Version is '2020.3.0f1 (c7b5465681fb) revision 13088070'; Using compiler version '192528614'; Build Type 'Release'
OS: 'Windows 10 Home; OS build 19042.1348; Version 2009; 64bit' Language: 'es' Physical Memory: 65483 MB
BatchMode: 1, IsHumanControllingUs: 0, StartBugReporterOnCrash: 0, Is64bit: 1, IsPro: 0

 COMMAND LINE ARGUMENTS:
C:\Program Files\Unity\Hub\Editor\2020.3.0f1\Editor\Unity.exe
-adb2
-batchMode
-noUpm
-name
AssetImportWorker0
-projectPath
C:/Users/Diego Sansano Reboll/Desktop/New Unity Project
-logFile
Logs/AssetImportWorker0.log
-srvPort
58222
Successfully changed project path to: C:/Users/Diego Sansano Reboll/Desktop/New Unity Project
C:/Users/Diego Sansano Reboll/Desktop/New Unity Project
Using Asset Import Pipeline V2.
Refreshing native plugins compatible for Editor in 34.33 ms, found 1 plugins.
Preloading 0 native plugins for Editor in 0.00 ms.
Initialize engine version: 2020.3.0f1 (c7b5465681fb)
[Subsystems] Discovering subsystems at path C:/Program Files/Unity/Hub/Editor/2020.3.0f1/Editor/Data/Resources/UnitySubsystems
[Subsystems] Discovering subsystems at path C:/Users/Diego Sansano Reboll/Desktop/New Unity Project/Assets
GfxDevice: creating device client; threaded=0
Direct3D:
    Version:  Direct3D 11.0 [level 11.1]
    Renderer: NVIDIA GeForce GTX 1080 (ID=0x1b80)
    Vendor:   
    VRAM:     8079 MB
    Driver:   30.0.14.7196
Initialize mono
Mono path[0] = 'C:/Program Files/Unity/Hub/Editor/2020.3.0f1/Editor/Data/Managed'
Mono path[1] = 'C:/Program Files/Unity/Hub/Editor/2020.3.0f1/Editor/Data/MonoBleedingEdge/lib/mono/unityjit'
Mono config path = 'C:/Program Files/Unity/Hub/Editor/2020.3.0f1/Editor/Data/MonoBleedingEdge/etc'
Using monoOptions --debugger-agent=transport=dt_socket,embedding=1,server=y,suspend=n,address=127.0.0.1:56556
Begin MonoManager ReloadAssembly
Registering precompiled unity dll's ...
Register platform support module: C:/Program Files/Unity/Hub/Editor/2020.3.0f1/Editor/Data/PlaybackEngines/WindowsStandaloneSupport/UnityEditor.WindowsStandalone.Extensions.dll
Registered in 0.002049 seconds.
Native extension for WindowsStandalone target not found
Refreshing native plugins compatible for Editor in 37.66 ms, found 1 plugins.
Preloading 0 native plugins for Editor in 0.00 ms.
Invoked RoslynAnalysisRunner static constructor.
RoslynAnalysisRunner will not be running.
RoslynAnalysisRunner has terminated.
Mono: successfully reloaded assembly
- Completed reload, in  0.951 seconds
Platform modules already initialized, skipping
Registering precompiled user dll's ...
Registered in 0.000967 seconds.
Begin MonoManager ReloadAssembly
Native extension for WindowsStandalone target not found
Refreshing native plugins compatible for Editor in 32.93 ms, found 1 plugins.
Preloading 0 native plugins for Editor in 0.00 ms.
Invoked RoslynAnalysisRunner static constructor.
RoslynAnalysisRunner will not be running.
RoslynAnalysisRunner has terminated.
Mono: successfully reloaded assembly
- Completed reload, in  0.824 seconds
Platform modules already initialized, skipping
========================================================================
Worker process is ready to serve import requests
Launched and connected shader compiler UnityShaderCompiler.exe after 0.05 seconds
Refreshing native plugins compatible for Editor in 0.35 ms, found 1 plugins.
Preloading 0 native plugins for Editor in 0.00 ms.
Unloading 1736 Unused Serialized files (Serialized files now loaded: 0)
System memory in use before: 80.8 MB.
System memory in use after: 80.9 MB.

Unloading 19 unused Assets to reduce memory usage. Loaded Objects now: 2185.
Total: 3.056500 ms (FindLiveObjects: 0.382200 ms CreateObjectMapping: 0.129000 ms MarkObjects: 2.469500 ms  DeleteObjects: 0.074000 ms)

========================================================================
Received Import Request.
  path: Assets/Art/Sprites/Characters/JambiSheet.png
  artifactKey: Guid(255841382d607e24a8317d9ab167f414) Importer(815301076,1909f56bfc062723c751e8b465ee728b)
Start importing Assets/Art/Sprites/Characters/JambiSheet.png using Guid(255841382d607e24a8317d9ab167f414) Importer(815301076,1909f56bfc062723c751e8b465ee728b)  -> (artifact id: 'c217b35dba7fdc96583650cb15ac131d') in 0.174252 seconds
  Import took 0.177149 seconds .

========================================================================
Received Import Request.
  Time since last request: 0.000204 seconds.
  path: Assets/Art/Sprites/Characters/RubySheet.png
  artifactKey: Guid(c1dbff5bcb29cdd4bbb8de3a29f2328c) Importer(815301076,1909f56bfc062723c751e8b465ee728b)
Start importing Assets/Art/Sprites/Characters/RubySheet.png using Guid(c1dbff5bcb29cdd4bbb8de3a29f2328c) Importer(815301076,1909f56bfc062723c751e8b465ee728b)  -> (artifact id: 'e9ad8529161f28d5a40b51c48571a3a8') in 0.081332 seconds
  Import took 0.084323 seconds .

========================================================================
Received Import Request.
  Time since last request: 0.000284 seconds.
  path: Assets/Art/Sprites/ruby.png
  artifactKey: Guid(0ed62e418e065794b81f873501789d21) Importer(815301076,1909f56bfc062723c751e8b465ee728b)
Start importing Assets/Art/Sprites/ruby.png using Guid(0ed62e418e065794b81f873501789d21) Importer(815301076,1909f56bfc062723c751e8b465ee728b)  -> (artifact id: '538c69114153c3dc907e3ace63f8b5eb') in 0.013628 seconds
  Import took 0.016590 seconds .

========================================================================
Received Import Request.
  Time since last request: 0.000288 seconds.
  path: Assets/Art/Sprites/Characters/MrClockworkSheet.png
  artifactKey: Guid(651c4abeb0812e74685da0e5a31c8dff) Importer(815301076,1909f56bfc062723c751e8b465ee728b)
Start importing Assets/Art/Sprites/Characters/MrClockworkSheet.png using Guid(651c4abeb0812e74685da0e5a31c8dff) Importer(815301076,1909f56bfc062723c751e8b465ee728b)  -> (artifact id: '1382000e8c08374391a4f749fbab3470') in 0.067827 seconds
  Import took 0.070625 seconds .

========================================================================
Received Import Request.
  Time since last request: 49.451134 seconds.
  path: Assets/Art/Tiles/GamePalette 1.prefab
  artifactKey: Guid(9ec63836ff461694e9034410e60bc5f2) Importer(815301076,1909f56bfc062723c751e8b465ee728b)
Start importing Assets/Art/Tiles/GamePalette 1.prefab using Guid(9ec63836ff461694e9034410e60bc5f2) Importer(815301076,1909f56bfc062723c751e8b465ee728b)  -> (artifact id: 'ce144c0f5cbd1856aa6032819b5ab937') in 0.015605 seconds
  Import took 0.018330 seconds .

========================================================================
Received Import Request.
  Time since last request: 0.000271 seconds.
  path: Assets/Art/Tiles/tile.asset
  artifactKey: Guid(3f2e6ddc05d27ec4dbaf9147dd692ba5) Importer(815301076,1909f56bfc062723c751e8b465ee728b)
Start importing Assets/Art/Tiles/tile.asset using Guid(3f2e6ddc05d27ec4dbaf9147dd692ba5) Importer(815301076,1909f56bfc062723c751e8b465ee728b)  -> (artifact id: '402af03ce5913c84973c5667a9aa3dcd') in 0.026821 seconds
  Import took 0.029277 seconds .

========================================================================
Received Import Request.
  Time since last request: 0.000386 seconds.
  path: Assets/Art/Tiles/tile.png
  artifactKey: Guid(8fd99fb14e52b3e408fdd460a499c629) Importer(815301076,1909f56bfc062723c751e8b465ee728b)
Start importing Assets/Art/Tiles/tile.png using Guid(8fd99fb14e52b3e408fdd460a499c629) Importer(815301076,1909f56bfc062723c751e8b465ee728b)  -> (artifact id: '6cf2d431d1aba6d7f4d4915d2d504135') in 0.010629 seconds
  Import took 0.013422 seconds .

========================================================================
Received Prepare
Registering precompiled user dll's ...
Registered in 0.000979 seconds.
Begin MonoManager ReloadAssembly
Native extension for WindowsStandalone target not found
Refreshing native plugins compatible for Editor in 0.33 ms, found 1 plugins.
Preloading 0 native plugins for Editor in 0.00 ms.
Invoked RoslynAnalysisRunner static constructor.
RoslynAnalysisRunner will not be running.
RoslynAnalysisRunner has terminated.
Mono: successfully reloaded assembly
- Completed reload, in  0.796 seconds
Platform modules already initialized, skipping
Refreshing native plugins compatible for Editor in 0.34 ms, found 1 plugins.
Preloading 0 native plugins for Editor in 0.00 ms.
Unloading 1726 Unused Serialized files (Serialized files now loaded: 0)
System memory in use before: 83.6 MB.
System memory in use after: 83.7 MB.

Unloading 7 unused Assets to reduce memory usage. Loaded Objects now: 2203.
Total: 2.126100 ms (FindLiveObjects: 0.200100 ms CreateObjectMapping: 0.081500 ms MarkObjects: 1.826700 ms  DeleteObjects: 0.016800 ms)

========================================================================
Received Import Request.
  Time since last request: 8.389829 seconds.
  path: Assets/Art/Tiles/GamePalette 1.prefab
  artifactKey: Guid(9ec63836ff461694e9034410e60bc5f2) Importer(815301076,1909f56bfc062723c751e8b465ee728b)
Start importing Assets/Art/Tiles/GamePalette 1.prefab using Guid(9ec63836ff461694e9034410e60bc5f2) Importer(815301076,1909f56bfc062723c751e8b465ee728b)  -> (artifact id: '34a2ab7873058c625b35e4f6b70f22be') in 0.022884 seconds
  Import took 0.025879 seconds .

========================================================================
Received Import Request.
  Time since last request: 31.653767 seconds.
  path: Assets/Art/Sprites/Environmnent/Damageable.png
  artifactKey: Guid(0e15259342e82ee4f813807e5b28c0f3) Importer(815301076,1909f56bfc062723c751e8b465ee728b)
Start importing Assets/Art/Sprites/Environmnent/Damageable.png using Guid(0e15259342e82ee4f813807e5b28c0f3) Importer(815301076,1909f56bfc062723c751e8b465ee728b)  -> (artifact id: 'd985feb5ea5d1999fc653a6a31119b55') in 0.037996 seconds
  Import took 0.040786 seconds .

========================================================================
Received Import Request.
  Time since last request: 0.000392 seconds.
  path: Assets/Art/Sprites/Environmnent/TreeForeground.png
  artifactKey: Guid(e059f0fb3f4af3e47b60d322bf43a7d6) Importer(815301076,1909f56bfc062723c751e8b465ee728b)
Start importing Assets/Art/Sprites/Environmnent/TreeForeground.png using Guid(e059f0fb3f4af3e47b60d322bf43a7d6) Importer(815301076,1909f56bfc062723c751e8b465ee728b)  -> (artifact id: '3bccf2078ed79b910842313f8d832726') in 0.013129 seconds
  Import took 0.015616 seconds .

========================================================================
Received Import Request.
  Time since last request: 0.000216 seconds.
  path: Assets/Art/Sprites/Environmnent/DrainCover.png
  artifactKey: Guid(186979b672303144e9af33f5940487e6) Importer(815301076,1909f56bfc062723c751e8b465ee728b)
Start importing Assets/Art/Sprites/Environmnent/DrainCover.png using Guid(186979b672303144e9af33f5940487e6) Importer(815301076,1909f56bfc062723c751e8b465ee728b)  -> (artifact id: 'd6aac12922fea65f5c3a850b1bf2e348') in 0.016115 seconds
  Import took 0.018892 seconds .

========================================================================
Received Import Request.
  Time since last request: 0.000218 seconds.
  path: Assets/Art/Sprites/Environmnent/FloorBricksToGrassCorner.png
  artifactKey: Guid(2ff4c9799e22f1b4c95766cc11f47530) Importer(815301076,1909f56bfc062723c751e8b465ee728b)
Start importing Assets/Art/Sprites/Environmnent/FloorBricksToGrassCorner.png using Guid(2ff4c9799e22f1b4c95766cc11f47530) Importer(815301076,1909f56bfc062723c751e8b465ee728b)  -> (artifact id: '8f1811336662144da6cc972c3137fca8') in 0.026832 seconds
  Import took 0.029315 seconds .

========================================================================
Received Import Request.
  Time since last request: 0.000217 seconds.
  path: Assets/Art/Sprites/Environmnent/TreeBig2.png
  artifactKey: Guid(36d4547ce489e7041990fd8545a07142) Importer(815301076,1909f56bfc062723c751e8b465ee728b)
Start importing Assets/Art/Sprites/Environmnent/TreeBig2.png using Guid(36d4547ce489e7041990fd8545a07142) Importer(815301076,1909f56bfc062723c751e8b465ee728b)  -> (artifact id: 'd118a0b252df9e08db70e9052bbb19a0') in 0.015852 seconds
  Import took 0.018317 seconds .

========================================================================
Received Import Request.
  Time since last request: 0.000244 seconds.
  path: Assets/Art/Sprites/Environmnent/TreeLittle.png
  artifactKey: Guid(87d9eec357f7dc14286677f38287ad9e) Importer(815301076,1909f56bfc062723c751e8b465ee728b)
Start importing Assets/Art/Sprites/Environmnent/TreeLittle.png using Guid(87d9eec357f7dc14286677f38287ad9e) Importer(815301076,1909f56bfc062723c751e8b465ee728b)  -> (artifact id: '81f85534f28de22c505d85afa1f72288') in 0.016700 seconds
  Import took 0.019844 seconds .

========================================================================
Received Import Request.
  Time since last request: 0.000202 seconds.
  path: Assets/Art/Sprites/Environmnent/TelegraphPost.png
  artifactKey: Guid(28b3c26f6746b7943aa1168e3c52c292) Importer(815301076,1909f56bfc062723c751e8b465ee728b)
Start importing Assets/Art/Sprites/Environmnent/TelegraphPost.png using Guid(28b3c26f6746b7943aa1168e3c52c292) Importer(815301076,1909f56bfc062723c751e8b465ee728b)  -> (artifact id: '429538e5c59223f21264f55a4ac67207') in 0.013773 seconds
  Import took 0.016476 seconds .

========================================================================
Received Import Request.
  Time since last request: 0.000201 seconds.
  path: Assets/Art/Sprites/Environmnent/TreeBig1.png
  artifactKey: Guid(f0cd5ad89953643408db63f9a8c50027) Importer(815301076,1909f56bfc062723c751e8b465ee728b)
Start importing Assets/Art/Sprites/Environmnent/TreeBig1.png using Guid(f0cd5ad89953643408db63f9a8c50027) Importer(815301076,1909f56bfc062723c751e8b465ee728b)  -> (artifact id: 'd43bef6b70c3c6bc5888e492d3a0700a') in 0.016658 seconds
  Import took 0.019442 seconds .

========================================================================
Received Import Request.
  Time since last request: 0.000238 seconds.
  path: Assets/Art/Sprites/Environmnent/FloorGrassToBricksCorner.png
  artifactKey: Guid(df0b6f9e93b65bc4792e6cf7849c5e37) Importer(815301076,1909f56bfc062723c751e8b465ee728b)
Start importing Assets/Art/Sprites/Environmnent/FloorGrassToBricksCorner.png using Guid(df0b6f9e93b65bc4792e6cf7849c5e37) Importer(815301076,1909f56bfc062723c751e8b465ee728b)  -> (artifact id: 'e4b93519e32ce9ba692dbf04e3a51312') in 0.038583 seconds
  Import took 0.042947 seconds .

========================================================================
Received Import Request.
  Time since last request: 0.000539 seconds.
  path: Assets/Art/Sprites/Environmnent/FloorWaterRoundCorners.png
  artifactKey: Guid(957383e82ad8601499ca4cac1dd1214a) Importer(815301076,1909f56bfc062723c751e8b465ee728b)
Start importing Assets/Art/Sprites/Environmnent/FloorWaterRoundCorners.png using Guid(957383e82ad8601499ca4cac1dd1214a) Importer(815301076,1909f56bfc062723c751e8b465ee728b)  -> (artifact id: '4d73a07b3cd7f815509d1bb820497aa2') in 0.033320 seconds
  Import took 0.037117 seconds .

========================================================================
Received Import Request.
  Time since last request: 0.000222 seconds.
  path: Assets/Art/Sprites/Environmnent/Mushrooms.png
  artifactKey: Guid(6acbda5bb54c19b4eb60c2674048dac2) Importer(815301076,1909f56bfc062723c751e8b465ee728b)
Start importing Assets/Art/Sprites/Environmnent/Mushrooms.png using Guid(6acbda5bb54c19b4eb60c2674048dac2) Importer(815301076,1909f56bfc062723c751e8b465ee728b)  -> (artifact id: '422396aacc035f431d5141368834308f') in 0.010919 seconds
  Import took 0.013399 seconds .

========================================================================
Received Import Request.
  Time since last request: 0.000224 seconds.
  path: Assets/Art/Sprites/Environmnent/TreeShadow.png
  artifactKey: Guid(8640aa53d8475c5409471adcb65826a5) Importer(815301076,1909f56bfc062723c751e8b465ee728b)
Start importing Assets/Art/Sprites/Environmnent/TreeShadow.png using Guid(8640aa53d8475c5409471adcb65826a5) Importer(815301076,1909f56bfc062723c751e8b465ee728b)  -> (artifact id: '01b6b7464a0b522f5f7529ffcc2bb1de') in 0.014836 seconds
  Import took 0.017403 seconds .

========================================================================
Received Import Request.
  Time since last request: 0.000203 seconds.
  path: Assets/Art/Sprites/Environmnent/House.png
  artifactKey: Guid(f27ebbf5c345352429b99a3dec7ae33e) Importer(815301076,1909f56bfc062723c751e8b465ee728b)
Start importing Assets/Art/Sprites/Environmnent/House.png using Guid(f27ebbf5c345352429b99a3dec7ae33e) Importer(815301076,1909f56bfc062723c751e8b465ee728b)  -> (artifact id: '391efc7e35858240aa3fd2a214aaf8a5') in 0.018047 seconds
  Import took 0.020489 seconds .

========================================================================
Received Import Request.
  Time since last request: 0.000223 seconds.
  path: Assets/Art/Sprites/Environmnent/FloorGrassToBricksSquare.png
  artifactKey: Guid(ae39c96545143eb41b1618200a550c81) Importer(815301076,1909f56bfc062723c751e8b465ee728b)
Start importing Assets/Art/Sprites/Environmnent/FloorGrassToBricksSquare.png using Guid(ae39c96545143eb41b1618200a550c81) Importer(815301076,1909f56bfc062723c751e8b465ee728b)  -> (artifact id: 'cce496a2bcb26c4bdb7c27158b5983ea') in 0.033573 seconds
  Import took 0.036326 seconds .

========================================================================
Received Import Request.
  Time since last request: 0.000233 seconds.
  path: Assets/Art/Sprites/Environmnent/FloorBricksToGrassCorner_3.asset
  artifactKey: Guid(3492578add035824b8c6c6e033a919d6) Importer(815301076,1909f56bfc062723c751e8b465ee728b)
Start importing Assets/Art/Sprites/Environmnent/FloorBricksToGrassCorner_3.asset using Guid(3492578add035824b8c6c6e033a919d6) Importer(815301076,1909f56bfc062723c751e8b465ee728b)  -> (artifact id: '22131f63f6b7c0ae3f664dfbef99c3e3') in 0.019721 seconds
  Import took 0.022443 seconds .

========================================================================
Received Import Request.
  Time since last request: 0.000397 seconds.
  path: Assets/Art/Sprites/Environmnent/LotusFlower.png
  artifactKey: Guid(010b5c856073f70428956b10534fd3a6) Importer(815301076,1909f56bfc062723c751e8b465ee728b)
Start importing Assets/Art/Sprites/Environmnent/LotusFlower.png using Guid(010b5c856073f70428956b10534fd3a6) Importer(815301076,1909f56bfc062723c751e8b465ee728b)  -> (artifact id: '5f714fe772d27d10cc053ebdf7075efd') in 0.018891 seconds
  Import took 0.021655 seconds .

========================================================================
Received Import Request.
  Time since last request: 0.000194 seconds.
  path: Assets/Art/Sprites/Environmnent/FloorBricksToGrassCorner_3.asset
  artifactKey: Guid(3492578add035824b8c6c6e033a919d6) Importer(815301076,1909f56bfc062723c751e8b465ee728b)
Start importing Assets/Art/Sprites/Environmnent/FloorBricksToGrassCorner_3.asset using Guid(3492578add035824b8c6c6e033a919d6) Importer(815301076,1909f56bfc062723c751e8b465ee728b)  -> (artifact id: '22131f63f6b7c0ae3f664dfbef99c3e3') in 0.005853 seconds
  Import took 0.008538 seconds .

========================================================================
Received Import Request.
  Time since last request: 0.000195 seconds.
  path: Assets/Art/Sprites/Environmnent/FloorBricksToGrassSquare.png
  artifactKey: Guid(2e6ecdf01ba70e3489b17b3f6525fec2) Importer(815301076,1909f56bfc062723c751e8b465ee728b)
Start importing Assets/Art/Sprites/Environmnent/FloorBricksToGrassSquare.png using Guid(2e6ecdf01ba70e3489b17b3f6525fec2) Importer(815301076,1909f56bfc062723c751e8b465ee728b)  -> (artifact id: '0a7fecd84284e240eebfff5c6f556a49') in 0.032181 seconds
  Import took 0.034685 seconds .

========================================================================
Received Import Request.
  Time since last request: 0.000254 seconds.
  path: Assets/Art/Sprites/Environmnent/FloorWaterSquareCorners.png
  artifactKey: Guid(56dfe645f43c419458abb426118088e5) Importer(815301076,1909f56bfc062723c751e8b465ee728b)
Start importing Assets/Art/Sprites/Environmnent/FloorWaterSquareCorners.png using Guid(56dfe645f43c419458abb426118088e5) Importer(815301076,1909f56bfc062723c751e8b465ee728b)  -> (artifact id: '10230b77b08038913e3d1912dcc00ee6') in 0.029558 seconds
  Import took 0.035061 seconds .

========================================================================
Received Import Request.
  Time since last request: 0.000197 seconds.
  path: Assets/Art/Sprites/Environmnent/MetalCube.png
  artifactKey: Guid(b9244d299d06eea4fa3e8b8b6da46af5) Importer(815301076,1909f56bfc062723c751e8b465ee728b)
Start importing Assets/Art/Sprites/Environmnent/MetalCube.png using Guid(b9244d299d06eea4fa3e8b8b6da46af5) Importer(815301076,1909f56bfc062723c751e8b465ee728b)  -> (artifact id: 'e4a7cbfc864584162aefe0a6bdd7fa3d') in 0.016301 seconds
  Import took 0.018893 seconds .

========================================================================
Received Import Request.
  Time since last request: 0.000234 seconds.
  path: Assets/Art/Sprites/Environmnent/GrassSmall.png
  artifactKey: Guid(8f629954bb45aa74a8bf21f8e6b95975) Importer(815301076,1909f56bfc062723c751e8b465ee728b)
Start importing Assets/Art/Sprites/Environmnent/GrassSmall.png using Guid(8f629954bb45aa74a8bf21f8e6b95975) Importer(815301076,1909f56bfc062723c751e8b465ee728b)  -> (artifact id: '98327321c3843637a5089cc570086c5f') in 0.018347 seconds
  Import took 0.021801 seconds .

========================================================================
Received Import Request.
  Time since last request: 0.000176 seconds.
  path: Assets/Art/Sprites/Environmnent/FloorGrassToBricksCorner_2.asset
  artifactKey: Guid(6d4a4c8a990f1754bbfc222bd56bcc33) Importer(815301076,1909f56bfc062723c751e8b465ee728b)
Start importing Assets/Art/Sprites/Environmnent/FloorGrassToBricksCorner_2.asset using Guid(6d4a4c8a990f1754bbfc222bd56bcc33) Importer(815301076,1909f56bfc062723c751e8b465ee728b)  -> (artifact id: 'dce5bbfd56cb018a03ca7d956cca97b7') in 0.011021 seconds
  Import took 0.013701 seconds .

========================================================================
Received Import Request.
  Time since last request: 0.000211 seconds.
  path: Assets/Art/Sprites/Environmnent/TreeBig3.png
  artifactKey: Guid(1d50d21b43458424aa7759b50224c034) Importer(815301076,1909f56bfc062723c751e8b465ee728b)
Start importing Assets/Art/Sprites/Environmnent/TreeBig3.png using Guid(1d50d21b43458424aa7759b50224c034) Importer(815301076,1909f56bfc062723c751e8b465ee728b)  -> (artifact id: '0ff467d1f77c2e34c0a052a4455ed7ec') in 0.016606 seconds
  Import took 0.019736 seconds .

========================================================================
Received Import Request.
  Time since last request: 14.845949 seconds.
  path: Assets/Art/Sprites/Environmnent/FloorBricksToGrassCorner_4.asset
  artifactKey: Guid(bcc17ecd6503ada4a86524262c19342c) Importer(815301076,1909f56bfc062723c751e8b465ee728b)
Start importing Assets/Art/Sprites/Environmnent/FloorBricksToGrassCorner_4.asset using Guid(bcc17ecd6503ada4a86524262c19342c) Importer(815301076,1909f56bfc062723c751e8b465ee728b)  -> (artifact id: '628d9d23828f05e844da25e2194011a8') in 0.009253 seconds
  Import took 0.012049 seconds .

========================================================================
Received Import Request.
  Time since last request: 7.790684 seconds.
  path: Assets/Art/Sprites/Environmnent/FloorBricksToGrassCorner_6.asset
  artifactKey: Guid(82b28418b0de35e4380e4d6540c13f61) Importer(815301076,1909f56bfc062723c751e8b465ee728b)
Start importing Assets/Art/Sprites/Environmnent/FloorBricksToGrassCorner_6.asset using Guid(82b28418b0de35e4380e4d6540c13f61) Importer(815301076,1909f56bfc062723c751e8b465ee728b)  -> (artifact id: '5511ab659b763264e7edddee19c4ed47') in 0.009529 seconds
  Import took 0.013227 seconds .

========================================================================
Received Import Request.
  Time since last request: 9.629677 seconds.
  path: Assets/Art/Sprites/Environmnent/FloorBricksToGrassCorner_7.asset
  artifactKey: Guid(e277627c34fd32c4ca824990701388dd) Importer(815301076,1909f56bfc062723c751e8b465ee728b)
Start importing Assets/Art/Sprites/Environmnent/FloorBricksToGrassCorner_7.asset using Guid(e277627c34fd32c4ca824990701388dd) Importer(815301076,1909f56bfc062723c751e8b465ee728b)  -> (artifact id: 'e8347c0d0789096f4f560b47678ff844') in 0.010621 seconds
  Import took 0.013737 seconds .

========================================================================
Received Import Request.
  Time since last request: 58.579246 seconds.
  path: Assets/Art/Sprites/Environmnent/FloorBricksToGrassSquare_0.asset
  artifactKey: Guid(81e9f6a118fe9764ba37b72442eb7885) Importer(815301076,1909f56bfc062723c751e8b465ee728b)
Start importing Assets/Art/Sprites/Environmnent/FloorBricksToGrassSquare_0.asset using Guid(81e9f6a118fe9764ba37b72442eb7885) Importer(815301076,1909f56bfc062723c751e8b465ee728b)  -> (artifact id: '9b982082bfe3d54492762e8ef24c478b') in 0.008922 seconds
  Import took 0.012060 seconds .

========================================================================
Received Import Request.
  Time since last request: 43.605965 seconds.
  path: Assets/Art/Sprites/Environmnent/FloorGrassToBricksCorner_0.asset
  artifactKey: Guid(16d624c2f43b4a441b8db25a087966f0) Importer(815301076,1909f56bfc062723c751e8b465ee728b)
Start importing Assets/Art/Sprites/Environmnent/FloorGrassToBricksCorner_0.asset using Guid(16d624c2f43b4a441b8db25a087966f0) Importer(815301076,1909f56bfc062723c751e8b465ee728b)  -> (artifact id: '4c3aff16d23aee8e749508eb00d3e870') in 0.009210 seconds
  Import took 0.011904 seconds .

========================================================================
Received Import Request.
  Time since last request: 20.107029 seconds.
  path: Assets/Art/Sprites/Environmnent/FloorGrassToBricksCorner_1.asset
  artifactKey: Guid(32dbe8f1b49f5d540b2b6408aa5c20e4) Importer(815301076,1909f56bfc062723c751e8b465ee728b)
Start importing Assets/Art/Sprites/Environmnent/FloorGrassToBricksCorner_1.asset using Guid(32dbe8f1b49f5d540b2b6408aa5c20e4) Importer(815301076,1909f56bfc062723c751e8b465ee728b)  -> (artifact id: '3ada37884f7803c91846ba938505d008') in 0.009904 seconds
  Import took 0.012740 seconds .

========================================================================
Received Import Request.
  Time since last request: 8.491192 seconds.
  path: Assets/Art/Sprites/Environmnent/FloorGrassToBricksCorner_3.asset
  artifactKey: Guid(a233fc620540b07438805c8c4071077e) Importer(815301076,1909f56bfc062723c751e8b465ee728b)
Start importing Assets/Art/Sprites/Environmnent/FloorGrassToBricksCorner_3.asset using Guid(a233fc620540b07438805c8c4071077e) Importer(815301076,1909f56bfc062723c751e8b465ee728b)  -> (artifact id: '03f01d2db4fd449e4cc07f855c699cc1') in 0.009201 seconds
  Import took 0.011933 seconds .

========================================================================
Received Import Request.
  Time since last request: 8.017947 seconds.
  path: Assets/Art/Sprites/Environmnent/FloorGrassToBricksCorner_4.asset
  artifactKey: Guid(1aadb41920f9ab148b4d54bd9850bc73) Importer(815301076,1909f56bfc062723c751e8b465ee728b)
Start importing Assets/Art/Sprites/Environmnent/FloorGrassToBricksCorner_4.asset using Guid(1aadb41920f9ab148b4d54bd9850bc73) Importer(815301076,1909f56bfc062723c751e8b465ee728b)  -> (artifact id: 'cf70389c8b5ef7a47c510b3311deaf00') in 0.011103 seconds
  Import took 0.013779 seconds .

========================================================================
Received Import Request.
  Time since last request: 33.729828 seconds.
  path: Assets/Art/Sprites/Environmnent/FloorWaterRoundCorners_0.asset
  artifactKey: Guid(841886e0e808cdd49be85b6c9f049ba3) Importer(815301076,1909f56bfc062723c751e8b465ee728b)
Start importing Assets/Art/Sprites/Environmnent/FloorWaterRoundCorners_0.asset using Guid(841886e0e808cdd49be85b6c9f049ba3) Importer(815301076,1909f56bfc062723c751e8b465ee728b)  -> (artifact id: '734be37ff94b6be9aa0fd369c61bb418') in 0.010729 seconds
  Import took 0.013838 seconds .

========================================================================
Received Import Request.
  Time since last request: 7.368971 seconds.
  path: Assets/Art/Sprites/Environmnent/FloorWaterRoundCorners_1.asset
  artifactKey: Guid(aa137e36db6e56b42aaff3433139cdbc) Importer(815301076,1909f56bfc062723c751e8b465ee728b)
Start importing Assets/Art/Sprites/Environmnent/FloorWaterRoundCorners_1.asset using Guid(aa137e36db6e56b42aaff3433139cdbc) Importer(815301076,1909f56bfc062723c751e8b465ee728b)  -> (artifact id: '2fe0c1706b6128180539037eecafc97c') in 0.010834 seconds
  Import took 0.013970 seconds .

========================================================================
Received Import Request.
  Time since last request: 19.930423 seconds.
  path: Assets/Art/Sprites/Environmnent/FloorWaterRoundCorners_2.asset
  artifactKey: Guid(16731eea5d897ab4e8e2afe210259859) Importer(815301076,1909f56bfc062723c751e8b465ee728b)
Start importing Assets/Art/Sprites/Environmnent/FloorWaterRoundCorners_2.asset using Guid(16731eea5d897ab4e8e2afe210259859) Importer(815301076,1909f56bfc062723c751e8b465ee728b)  -> (artifact id: '9965f5831bee68137654a8903dd81df3') in 0.011155 seconds
  Import took 0.013911 seconds .

========================================================================
Received Import Request.
  Time since last request: 7.693199 seconds.
  path: Assets/Art/Sprites/Environmnent/FloorWaterRoundCorners_3.asset
  artifactKey: Guid(a8805b5bd77e40b41a41242590e5d17e) Importer(815301076,1909f56bfc062723c751e8b465ee728b)
Start importing Assets/Art/Sprites/Environmnent/FloorWaterRoundCorners_3.asset using Guid(a8805b5bd77e40b41a41242590e5d17e) Importer(815301076,1909f56bfc062723c751e8b465ee728b)  -> (artifact id: '4a46a2f06828a95a24887a69ed61ef3c') in 0.009827 seconds
  Import took 0.012778 seconds .

========================================================================
Received Import Request.
  Time since last request: 11.163068 seconds.
  path: Assets/Art/Sprites/Environmnent/FloorWaterRoundCorners_4.asset
  artifactKey: Guid(a4beec64869745845885034a3a6d2a48) Importer(815301076,1909f56bfc062723c751e8b465ee728b)
Start importing Assets/Art/Sprites/Environmnent/FloorWaterRoundCorners_4.asset using Guid(a4beec64869745845885034a3a6d2a48) Importer(815301076,1909f56bfc062723c751e8b465ee728b)  -> (artifact id: 'af33fcfa7a663e1b24bb0e33efd33ba7') in 0.011458 seconds
  Import took 0.014126 seconds .

========================================================================
Received Import Request.
  Time since last request: 11.922209 seconds.
  path: Assets/Art/Sprites/Environmnent/FloorWaterRoundCorners_6.asset
  artifactKey: Guid(3ce08901e2cabb542aacee152a608767) Importer(815301076,1909f56bfc062723c751e8b465ee728b)
Start importing Assets/Art/Sprites/Environmnent/FloorWaterRoundCorners_6.asset using Guid(3ce08901e2cabb542aacee152a608767) Importer(815301076,1909f56bfc062723c751e8b465ee728b)  -> (artifact id: '185f0d5e3e9978548aed6eaecdbfc033') in 0.009079 seconds
  Import took 0.011843 seconds .

========================================================================
Received Import Request.
  Time since last request: 8.258336 seconds.
  path: Assets/Art/Sprites/Environmnent/FloorWaterRoundCorners_7.asset
  artifactKey: Guid(fd61e2fa84f08014caf6acb14d294003) Importer(815301076,1909f56bfc062723c751e8b465ee728b)
Start importing Assets/Art/Sprites/Environmnent/FloorWaterRoundCorners_7.asset using Guid(fd61e2fa84f08014caf6acb14d294003) Importer(815301076,1909f56bfc062723c751e8b465ee728b)  -> (artifact id: 'e1a0c3b982172d102e9f97cd15b50102') in 0.010293 seconds
  Import took 0.013315 seconds .

========================================================================
Received Import Request.
  Time since last request: 10.824572 seconds.
  path: Assets/Art/Sprites/Environmnent/FloorWaterRoundCorners_5.asset
  artifactKey: Guid(d053c9c7a4a788b4caf569b9f420c4e7) Importer(815301076,1909f56bfc062723c751e8b465ee728b)
Start importing Assets/Art/Sprites/Environmnent/FloorWaterRoundCorners_5.asset using Guid(d053c9c7a4a788b4caf569b9f420c4e7) Importer(815301076,1909f56bfc062723c751e8b465ee728b)  -> (artifact id: '0d98b9a7587af62108095c2b32a49e38') in 0.009628 seconds
  Import took 0.012722 seconds .

========================================================================
Received Import Request.
  Time since last request: 7.062373 seconds.
  path: Assets/Art/Sprites/Environmnent/FloorWaterRoundCorners_8.asset
  artifactKey: Guid(d0cbc8f3108897645b199b161cdfb74c) Importer(815301076,1909f56bfc062723c751e8b465ee728b)
Start importing Assets/Art/Sprites/Environmnent/FloorWaterRoundCorners_8.asset using Guid(d0cbc8f3108897645b199b161cdfb74c) Importer(815301076,1909f56bfc062723c751e8b465ee728b)  -> (artifact id: '0f4df319d8fc2d383e1dbcc9caff5192') in 0.010086 seconds
  Import took 0.013061 seconds .

========================================================================
Received Import Request.
  Time since last request: 65.083611 seconds.
  path: Assets/Art/Sprites/Environmnent/FloorBricksToGrassSquare_2.asset
  artifactKey: Guid(ad914cde684a08d4d9de94bd5f5d57b3) Importer(815301076,1909f56bfc062723c751e8b465ee728b)
Start importing Assets/Art/Sprites/Environmnent/FloorBricksToGrassSquare_2.asset using Guid(ad914cde684a08d4d9de94bd5f5d57b3) Importer(815301076,1909f56bfc062723c751e8b465ee728b)  -> (artifact id: '24cf2ba645eaf05794005d8a94ade662') in 0.009486 seconds
  Import took 0.012321 seconds .

========================================================================
Received Import Request.
  Time since last request: 7.539121 seconds.
  path: Assets/Art/Sprites/Environmnent/FloorBricksToGrassSquare_6.asset
  artifactKey: Guid(c61075f4dddc36146aebd6dcc8e0a786) Importer(815301076,1909f56bfc062723c751e8b465ee728b)
Start importing Assets/Art/Sprites/Environmnent/FloorBricksToGrassSquare_6.asset using Guid(c61075f4dddc36146aebd6dcc8e0a786) Importer(815301076,1909f56bfc062723c751e8b465ee728b)  -> (artifact id: '970dfd58030cf23a10aa67e34bcc051a') in 0.011953 seconds
  Import took 0.014621 seconds .

========================================================================
Received Import Request.
  Time since last request: 11.380035 seconds.
  path: Assets/Art/Sprites/Environmnent/FloorBricksToGrassSquare_8.asset
  artifactKey: Guid(65ec84a18e57b9644a2e65e2e255fdc7) Importer(815301076,1909f56bfc062723c751e8b465ee728b)
Start importing Assets/Art/Sprites/Environmnent/FloorBricksToGrassSquare_8.asset using Guid(65ec84a18e57b9644a2e65e2e255fdc7) Importer(815301076,1909f56bfc062723c751e8b465ee728b)  -> (artifact id: '308bfcf3b92789f50942fafeded135f4') in 0.012651 seconds
  Import took 0.015638 seconds .

========================================================================
Received Import Request.
  Time since last request: 19.580019 seconds.
  path: Assets/Art/Sprites/Environmnent/FloorGrassToBricksSquare_0.asset
  artifactKey: Guid(028a7a8ac7e001e48ad1e9ae5aa7057d) Importer(815301076,1909f56bfc062723c751e8b465ee728b)
Start importing Assets/Art/Sprites/Environmnent/FloorGrassToBricksSquare_0.asset using Guid(028a7a8ac7e001e48ad1e9ae5aa7057d) Importer(815301076,1909f56bfc062723c751e8b465ee728b)  -> (artifact id: '3fe8a66127d1db5b93a41f664c2a091b') in 0.009719 seconds
  Import took 0.012660 seconds .

========================================================================
Received Import Request.
  Time since last request: 17.436845 seconds.
  path: Assets/Art/Sprites/Environmnent/FloorGrassToBricksSquare_2.asset
  artifactKey: Guid(3040f2c3994130d44bf556f882e792ef) Importer(815301076,1909f56bfc062723c751e8b465ee728b)
Start importing Assets/Art/Sprites/Environmnent/FloorGrassToBricksSquare_2.asset using Guid(3040f2c3994130d44bf556f882e792ef) Importer(815301076,1909f56bfc062723c751e8b465ee728b)  -> (artifact id: 'a1d1c1a3ebb26eb80b9aba7e6630663e') in 0.009470 seconds
  Import took 0.012211 seconds .

========================================================================
Received Import Request.
  Time since last request: 10.839441 seconds.
  path: Assets/Art/Sprites/Environmnent/FloorGrassToBricksSquare_6.asset
  artifactKey: Guid(95c5a857217cbc040bca157ee64ce9de) Importer(815301076,1909f56bfc062723c751e8b465ee728b)
Start importing Assets/Art/Sprites/Environmnent/FloorGrassToBricksSquare_6.asset using Guid(95c5a857217cbc040bca157ee64ce9de) Importer(815301076,1909f56bfc062723c751e8b465ee728b)  -> (artifact id: '675cb6d6728894d557e371b994617e25') in 0.009400 seconds
  Import took 0.012071 seconds .

========================================================================
Received Import Request.
  Time since last request: 7.123881 seconds.
  path: Assets/Art/Sprites/Environmnent/FloorGrassToBricksSquare_8.asset
  artifactKey: Guid(934618be297b09d41ab21d417ba9d2fa) Importer(815301076,1909f56bfc062723c751e8b465ee728b)
Start importing Assets/Art/Sprites/Environmnent/FloorGrassToBricksSquare_8.asset using Guid(934618be297b09d41ab21d417ba9d2fa) Importer(815301076,1909f56bfc062723c751e8b465ee728b)  -> (artifact id: '8e449e59c189f98fff329c3ffc0b2da2') in 0.010088 seconds
  Import took 0.013010 seconds .

========================================================================
Received Prepare
Registering precompiled user dll's ...
Registered in 0.001218 seconds.
Begin MonoManager ReloadAssembly
Native extension for WindowsStandalone target not found
Refreshing native plugins compatible for Editor in 0.33 ms, found 1 plugins.
Preloading 0 native plugins for Editor in 0.00 ms.
Invoked RoslynAnalysisRunner static constructor.
RoslynAnalysisRunner will not be running.
RoslynAnalysisRunner has terminated.
Mono: successfully reloaded assembly
- Completed reload, in  0.771 seconds
Platform modules already initialized, skipping
Refreshing native plugins compatible for Editor in 0.35 ms, found 1 plugins.
Preloading 0 native plugins for Editor in 0.00 ms.
Unloading 1726 Unused Serialized files (Serialized files now loaded: 0)
System memory in use before: 83.7 MB.
System memory in use after: 83.9 MB.

Unloading 7 unused Assets to reduce memory usage. Loaded Objects now: 2227.
Total: 2.130600 ms (FindLiveObjects: 0.186900 ms CreateObjectMapping: 0.058000 ms MarkObjects: 1.864500 ms  DeleteObjects: 0.020100 ms)

AssetImportWorkerClient::OnTransportError - code=2 error=End of file
